lisn/build/outputs/logs/manifest-merger-release-report.txt
-- Merging decision tree log ---
manifest
ADDED from src/main/AndroidManifest.xml:2:1-121:12
	package
		ADDED from src/main/AndroidManifest.xml:3:5-25
		INJECTED from src/main/AndroidManifest.xml
		INJECTED from src/main/AndroidManifest.xml
	android:versionName
		ADDED from src/main/AndroidManifest.xml:5:5-33
	android:versionCode
		ADDED from src/main/AndroidManifest.xml:4:5-31
		INJECTED from src/main/AndroidManifest.xml
		INJECTED from src/main/AndroidManifest.xml
	xmlns:android
		ADDED from src/main/AndroidManifest.xml:2:11-69
uses-sdk
ADDED from src/main/AndroidManifest.xml:7:5-9:41
MERGED from [Lisn:CoverFlowLib:unspecified] AndroidManifest.xml:23:5-25:41
MERGED from [com.android.support:appcompat-v7:23.0.1] AndroidManifest.xml:20:5-43
MERGED from [com.android.support:support-v4:23.0.1] AndroidManifest.xml:20:5-43
MERGED from [org.solovyev.android.views:linear-layout-manager:0.5] AndroidManifest.xml:29:5-31:41
MERGED from [com.crashlytics.sdk.android:crashlytics:2.2.3] AndroidManifest.xml:7:5-43
MERGED from [com.crashlytics.sdk.android:answers:1.1.2] AndroidManifest.xml:7:5-43
MERGED from [io.fabric.sdk.android:fabric:1.3.0] AndroidManifest.xml:7:5-43
MERGED from [io.fabric.sdk.android:fabric:1.3.0] AndroidManifest.xml:7:5-43
MERGED from [com.crashlytics.sdk.android:beta:1.1.2] AndroidManifest.xml:7:5-43
MERGED from [io.fabric.sdk.android:fabric:1.3.0] AndroidManifest.xml:7:5-43
MERGED from [com.android.support:cardview-v7:23.0.1] AndroidManifest.xml:20:5-43
MERGED from [com.android.support:recyclerview-v7:23.0.1] AndroidManifest.xml:20:5-43
MERGED from [com.android.support:support-v4:23.0.1] AndroidManifest.xml:20:5-43
MERGED from [com.ms-square:expandableTextView:0.1.4] AndroidManifest.xml:5:5-7:41
MERGED from [com.android.support:design:23.0.1] AndroidManifest.xml:20:5-43
MERGED from [com.android.support:support-v4:23.0.1] AndroidManifest.xml:20:5-43
MERGED from [com.android.support:appcompat-v7:23.0.1] AndroidManifest.xml:20:5-43
MERGED from [com.android.support:support-v4:23.0.1] AndroidManifest.xml:20:5-43
MERGED from [com.facebook.android:facebook-android-sdk:4.6.0] AndroidManifest.xml:24:5-26:41
MERGED from [com.android.support:support-v4:23.0.1] AndroidManifest.xml:20:5-43
MERGED from [org.adw.library:discrete-seekbar:1.0.0] AndroidManifest.xml:23:5-25:41
MERGED from [com.android.support:support-v4:23.0.1] AndroidManifest.xml:20:5-43
	android:targetSdkVersion
		ADDED from src/main/AndroidManifest.xml:9:9-38
		INJECTED from src/main/AndroidManifest.xml
		INJECTED from src/main/AndroidManifest.xml
	android:minSdkVersion
		ADDED from src/main/AndroidManifest.xml:8:9-35
		INJECTED from src/main/AndroidManifest.xml
		INJECTED from src/main/AndroidManifest.xml
uses-permission#android.permission.INTERNET
ADDED from src/main/AndroidManifest.xml:11:5-67
MERGED from [com.crashlytics.sdk.android:crashlytics:2.2.3] AndroidManifest.xml:9:5-67
	android:name
		ADDED from src/main/AndroidManifest.xml:11:22-64
uses-permission#android.permission.READ_PHONE_STATE
ADDED from src/main/AndroidManifest.xml:12:5-75
	android:name
		ADDED from src/main/AndroidManifest.xml:12:22-72
uses-permission#android.permission.ACCESS_NETWORK_STATE
ADDED from src/main/AndroidManifest.xml:13:5-79
	android:name
		ADDED from src/main/AndroidManifest.xml:13:22-76
uses-permission#android.permission.WAKE_LOCK
ADDED from src/main/AndroidManifest.xml:14:5-68
	android:name
		ADDED from src/main/AndroidManifest.xml:14:22-65
uses-permission#android.permission.READ_LOGS
ADDED from src/main/AndroidManifest.xml:15:5-68
	android:name
		ADDED from src/main/AndroidManifest.xml:15:22-65
uses-permission#android.permission.WRITE_EXTERNAL_STORAGE
ADDED from src/main/AndroidManifest.xml:16:5-81
	android:name
		ADDED from src/main/AndroidManifest.xml:16:22-78
uses-permission#android.permission.READ_EXTERNAL_STORAGE
ADDED from src/main/AndroidManifest.xml:17:5-80
	android:name
		ADDED from src/main/AndroidManifest.xml:17:22-77
uses-permission#android.permission.VIBRATE
ADDED from src/main/AndroidManifest.xml:18:5-66
	android:name
		ADDED from src/main/AndroidManifest.xml:18:22-63
application
ADDED from src/main/AndroidManifest.xml:19:5-119:19
MERGED from [Lisn:CoverFlowLib:unspecified] AndroidManifest.xml:27:5-28:19
MERGED from [com.android.support:appcompat-v7:23.0.1] AndroidManifest.xml:22:5-20
MERGED from [com.android.support:support-v4:23.0.1] AndroidManifest.xml:22:5-20
MERGED from [com.crashlytics.sdk.android:crashlytics:2.2.3] AndroidManifest.xml:11:5-20
MERGED from [com.crashlytics.sdk.android:answers:1.1.2] AndroidManifest.xml:9:5-20
MERGED from [io.fabric.sdk.android:fabric:1.3.0] AndroidManifest.xml:9:5-20
MERGED from [io.fabric.sdk.android:fabric:1.3.0] AndroidManifest.xml:9:5-20
MERGED from [com.crashlytics.sdk.android:beta:1.1.2] AndroidManifest.xml:9:5-20
MERGED from [io.fabric.sdk.android:fabric:1.3.0] AndroidManifest.xml:9:5-20
MERGED from [com.android.support:cardview-v7:23.0.1] AndroidManifest.xml:22:5-20
MERGED from [com.android.support:support-v4:23.0.1] AndroidManifest.xml:22:5-20
MERGED from [com.ms-square:expandableTextView:0.1.4] AndroidManifest.xml:9:5-20
MERGED from [com.android.support:design:23.0.1] AndroidManifest.xml:22:5-20
MERGED from [com.android.support:support-v4:23.0.1] AndroidManifest.xml:22:5-20
MERGED from [com.android.support:appcompat-v7:23.0.1] AndroidManifest.xml:22:5-20
MERGED from [com.android.support:support-v4:23.0.1] AndroidManifest.xml:22:5-20
MERGED from [com.facebook.android:facebook-android-sdk:4.6.0] AndroidManifest.xml:28:5-20
MERGED from [com.android.support:support-v4:23.0.1] AndroidManifest.xml:22:5-20
MERGED from [org.adw.library:discrete-seekbar:1.0.0] AndroidManifest.xml:27:5-28:19
MERGED from [com.android.support:support-v4:23.0.1] AndroidManifest.xml:22:5-20
	android:label
		ADDED from src/main/AndroidManifest.xml:23:9-41
	android:allowBackup
		ADDED from src/main/AndroidManifest.xml:21:9-35
	android:icon
		ADDED from src/main/AndroidManifest.xml:22:9-45
	android:theme
		ADDED from src/main/AndroidManifest.xml:24:9-40
	android:name
		ADDED from src/main/AndroidManifest.xml:20:9-42
meta-data#com.facebook.sdk.ApplicationId
ADDED from src/main/AndroidManifest.xml:25:9-27:55
	android:value
		ADDED from src/main/AndroidManifest.xml:27:13-52
	android:name
		ADDED from src/main/AndroidManifest.xml:26:13-58
meta-data#android.app.default_searchable
ADDED from src/main/AndroidManifest.xml:28:9-30:73
	android:value
		ADDED from src/main/AndroidManifest.xml:30:13-70
	android:name
		ADDED from src/main/AndroidManifest.xml:29:13-58
activity#audio.lisn.activity.MainActivity
ADDED from src/main/AndroidManifest.xml:32:9-41:20
	android:screenOrientation
		ADDED from src/main/AndroidManifest.xml:35:13-49
	android:label
		ADDED from src/main/AndroidManifest.xml:34:13-45
	android:name
		ADDED from src/main/AndroidManifest.xml:33:13-50
intent-filter#android.intent.action.MAIN+android.intent.category.LAUNCHER
ADDED from src/main/AndroidManifest.xml:36:13-40:29
action#android.intent.action.MAIN
ADDED from src/main/AndroidManifest.xml:37:17-69
	android:name
		ADDED from src/main/AndroidManifest.xml:37:25-66
category#android.intent.category.LAUNCHER
ADDED from src/main/AndroidManifest.xml:39:17-77
	android:name
		ADDED from src/main/AndroidManifest.xml:39:27-74
activity#audio.lisn.activity.HomeActivity
ADDED from src/main/AndroidManifest.xml:42:9-46:20
	android:screenOrientation
		ADDED from src/main/AndroidManifest.xml:45:13-49
	android:label
		ADDED from src/main/AndroidManifest.xml:44:13-47
	android:name
		ADDED from src/main/AndroidManifest.xml:43:13-50
activity#audio.lisn.activity.AudioBookDetailActivity
ADDED from src/main/AndroidManifest.xml:47:9-51:20
	android:screenOrientation
		ADDED from src/main/AndroidManifest.xml:50:13-49
	android:label
		ADDED from src/main/AndroidManifest.xml:49:13-47
	android:name
		ADDED from src/main/AndroidManifest.xml:48:13-61
activity#audio.lisn.activity.SettingsActivity
ADDED from src/main/AndroidManifest.xml:52:9-56:20
	android:screenOrientation
		ADDED from src/main/AndroidManifest.xml:55:13-49
	android:label
		ADDED from src/main/AndroidManifest.xml:54:13-51
	android:name
		ADDED from src/main/AndroidManifest.xml:53:13-54
activity#audio.lisn.activity.LoginActivity
ADDED from src/main/AndroidManifest.xml:57:9-61:20
	android:screenOrientation
		ADDED from src/main/AndroidManifest.xml:60:13-49
	android:label
		ADDED from src/main/AndroidManifest.xml:59:13-47
	android:name
		ADDED from src/main/AndroidManifest.xml:58:13-51
activity#audio.lisn.activity.SearchResultsActivity
ADDED from src/main/AndroidManifest.xml:62:9-73:20
	android:screenOrientation
		ADDED from src/main/AndroidManifest.xml:65:13-49
	android:label
		ADDED from src/main/AndroidManifest.xml:64:13-66
	android:name
		ADDED from src/main/AndroidManifest.xml:63:13-59
intent-filter#android.intent.action.SEARCH
ADDED from src/main/AndroidManifest.xml:66:13-68:29
action#android.intent.action.SEARCH
ADDED from src/main/AndroidManifest.xml:67:17-71
	android:name
		ADDED from src/main/AndroidManifest.xml:67:25-68
meta-data#android.app.searchable
ADDED from src/main/AndroidManifest.xml:70:13-72:54
	android:resource
		ADDED from src/main/AndroidManifest.xml:72:17-51
	android:name
		ADDED from src/main/AndroidManifest.xml:71:17-54
activity#com.facebook.FacebookActivity
ADDED from src/main/AndroidManifest.xml:74:9-78:75
	android:label
		ADDED from src/main/AndroidManifest.xml:77:13-45
	android:configChanges
		ADDED from src/main/AndroidManifest.xml:76:13-96
	android:theme
		ADDED from src/main/AndroidManifest.xml:78:13-72
	android:name
		ADDED from src/main/AndroidManifest.xml:75:13-57
service#audio.lisn.util.AudioPlayerService
ADDED from src/main/AndroidManifest.xml:84:9-60
	android:name
		ADDED from src/main/AndroidManifest.xml:84:18-57
service#audio.lisn.util.PreviewAudioPlayerService
ADDED from src/main/AndroidManifest.xml:85:9-67
	android:name
		ADDED from src/main/AndroidManifest.xml:85:18-64
receiver#audio.lisn.util.PlayerActionReceiver
ADDED from src/main/AndroidManifest.xml:87:9-63
	android:name
		ADDED from src/main/AndroidManifest.xml:87:19-60
meta-data#io.fabric.ApiKey
ADDED from src/main/AndroidManifest.xml:89:9-91:72
	android:value
		ADDED from src/main/AndroidManifest.xml:91:13-69
	android:name
		ADDED from src/main/AndroidManifest.xml:90:13-44
activity#audio.lisn.activity.PlayerControllerActivity
ADDED from src/main/AndroidManifest.xml:93:9-97:20
	android:screenOrientation
		ADDED from src/main/AndroidManifest.xml:96:13-49
	android:label
		ADDED from src/main/AndroidManifest.xml:95:13-69
	android:name
		ADDED from src/main/AndroidManifest.xml:94:13-62
activity#audio.lisn.activity.PurchaseActivity
ADDED from src/main/AndroidManifest.xml:98:9-103:20
	android:screenOrientation
		ADDED from src/main/AndroidManifest.xml:102:13-49
	android:label
		ADDED from src/main/AndroidManifest.xml:101:13-60
	android:configChanges
		ADDED from src/main/AndroidManifest.xml:100:13-74
	android:name
		ADDED from src/main/AndroidManifest.xml:99:13-54
activity#audio.lisn.activity.AboutUsActivity
ADDED from src/main/AndroidManifest.xml:104:9-108:20
	android:screenOrientation
		ADDED from src/main/AndroidManifest.xml:107:13-49
	android:label
		ADDED from src/main/AndroidManifest.xml:106:13-60
	android:name
		ADDED from src/main/AndroidManifest.xml:105:13-53
activity#audio.lisn.activity.FeedBackActivity
ADDED from src/main/AndroidManifest.xml:109:9-113:20
	android:screenOrientation
		ADDED from src/main/AndroidManifest.xml:112:13-49
	android:label
		ADDED from src/main/AndroidManifest.xml:111:13-61
	android:name
		ADDED from src/main/AndroidManifest.xml:110:13-54
activity#audio.lisn.activity.BookReviewActivity
ADDED from src/main/AndroidManifest.xml:114:9-118:20
	android:screenOrientation
		ADDED from src/main/AndroidManifest.xml:117:13-49
	android:label
		ADDED from src/main/AndroidManifest.xml:116:13-63
	android:name
		ADDED from src/main/AndroidManifest.xml:115:13-56